Traceback (most recent call last):
  File "/Users/kvarada/opt/miniconda3/lib/python3.10/site-packages/jupyter_cache/executors/utils.py", line 51, in single_nb_execution
    executenb(
  File "/Users/kvarada/opt/miniconda3/lib/python3.10/site-packages/nbclient/client.py", line 1204, in execute
    return NotebookClient(nb=nb, resources=resources, km=km, **kwargs).execute()
  File "/Users/kvarada/opt/miniconda3/lib/python3.10/site-packages/nbclient/util.py", line 84, in wrapped
    return just_run(coro(*args, **kwargs))
  File "/Users/kvarada/opt/miniconda3/lib/python3.10/site-packages/nbclient/util.py", line 62, in just_run
    return loop.run_until_complete(coro)
  File "/Users/kvarada/opt/miniconda3/lib/python3.10/asyncio/base_events.py", line 646, in run_until_complete
    return future.result()
  File "/Users/kvarada/opt/miniconda3/lib/python3.10/site-packages/nbclient/client.py", line 663, in async_execute
    await self.async_execute_cell(
  File "/Users/kvarada/opt/miniconda3/lib/python3.10/site-packages/nbclient/client.py", line 965, in async_execute_cell
    await self._check_raise_for_error(cell, cell_index, exec_reply)
  File "/Users/kvarada/opt/miniconda3/lib/python3.10/site-packages/nbclient/client.py", line 862, in _check_raise_for_error
    raise CellExecutionError.from_cell_and_msg(cell, exec_reply_content)
nbclient.exceptions.CellExecutionError: An error occurred while executing the following cell:
------------------
import librosa.display
import matplotlib.pyplot as plt

y, sr = librosa.load(
    "/Users/kvarada/MDS/data/genres/classical/classical.00001.au", duration=10
)
plt.figure()
plt.subplot(3, 1, 1)
librosa.display.waveplot(y, sr=sr)
plt.title("Monophonic")
------------------

[0;31m---------------------------------------------------------------------------[0m
[0;31mLibsndfileError[0m                           Traceback (most recent call last)
File [0;32m~/opt/miniconda3/envs/cpsc330/lib/python3.10/site-packages/librosa/core/audio.py:164[0m, in [0;36mload[0;34m(path, sr, mono, offset, duration, dtype, res_type)[0m
[1;32m    163[0m [38;5;28;01mtry[39;00m:
[0;32m--> 164[0m     y, sr_native [38;5;241m=[39m [43m__soundfile_load[49m[43m([49m[43mpath[49m[43m,[49m[43m [49m[43moffset[49m[43m,[49m[43m [49m[43mduration[49m[43m,[49m[43m [49m[43mdtype[49m[43m)[49m
[1;32m    166[0m [38;5;28;01mexcept[39;00m [38;5;167;01mRuntimeError[39;00m [38;5;28;01mas[39;00m exc:
[1;32m    167[0m     [38;5;66;03m# If soundfile failed, try audioread instead[39;00m

File [0;32m~/opt/miniconda3/envs/cpsc330/lib/python3.10/site-packages/librosa/core/audio.py:195[0m, in [0;36m__soundfile_load[0;34m(path, offset, duration, dtype)[0m
[1;32m    193[0m [38;5;28;01melse[39;00m:
[1;32m    194[0m     [38;5;66;03m# Otherwise, create the soundfile object[39;00m
[0;32m--> 195[0m     context [38;5;241m=[39m [43msf[49m[38;5;241;43m.[39;49m[43mSoundFile[49m[43m([49m[43mpath[49m[43m)[49m
[1;32m    197[0m [38;5;28;01mwith[39;00m context [38;5;28;01mas[39;00m sf_desc:

File [0;32m~/opt/miniconda3/envs/cpsc330/lib/python3.10/site-packages/soundfile.py:655[0m, in [0;36mSoundFile.__init__[0;34m(self, file, mode, samplerate, channels, subtype, endian, format, closefd)[0m
[1;32m    653[0m [38;5;28mself[39m[38;5;241m.[39m_info [38;5;241m=[39m _create_info_struct(file, mode, samplerate, channels,
[1;32m    654[0m                                  [38;5;28mformat[39m, subtype, endian)
[0;32m--> 655[0m [38;5;28mself[39m[38;5;241m.[39m_file [38;5;241m=[39m [38;5;28;43mself[39;49m[38;5;241;43m.[39;49m[43m_open[49m[43m([49m[43mfile[49m[43m,[49m[43m [49m[43mmode_int[49m[43m,[49m[43m [49m[43mclosefd[49m[43m)[49m
[1;32m    656[0m [38;5;28;01mif[39;00m [38;5;28mset[39m(mode)[38;5;241m.[39missuperset([38;5;124m'[39m[38;5;124mr+[39m[38;5;124m'[39m) [38;5;129;01mand[39;00m [38;5;28mself[39m[38;5;241m.[39mseekable():
[1;32m    657[0m     [38;5;66;03m# Move write position to 0 (like in Python file objects)[39;00m

File [0;32m~/opt/miniconda3/envs/cpsc330/lib/python3.10/site-packages/soundfile.py:1213[0m, in [0;36mSoundFile._open[0;34m(self, file, mode_int, closefd)[0m
[1;32m   1212[0m     err [38;5;241m=[39m _snd[38;5;241m.[39msf_error(file_ptr)
[0;32m-> 1213[0m     [38;5;28;01mraise[39;00m LibsndfileError(err, prefix[38;5;241m=[39m[38;5;124m"[39m[38;5;124mError opening [39m[38;5;132;01m{0!r}[39;00m[38;5;124m: [39m[38;5;124m"[39m[38;5;241m.[39mformat([38;5;28mself[39m[38;5;241m.[39mname))
[1;32m   1214[0m [38;5;28;01mif[39;00m mode_int [38;5;241m==[39m _snd[38;5;241m.[39mSFM_WRITE:
[1;32m   1215[0m     [38;5;66;03m# Due to a bug in libsndfile version <= 1.0.25, frames != 0[39;00m
[1;32m   1216[0m     [38;5;66;03m# when opening a named pipe in SFM_WRITE mode.[39;00m
[1;32m   1217[0m     [38;5;66;03m# See http://github.com/erikd/libsndfile/issues/77.[39;00m

[0;31mLibsndfileError[0m: Error opening '/Users/kvarada/MDS/data/genres/classical/classical.00001.au': System error.

During handling of the above exception, another exception occurred:

[0;31mFileNotFoundError[0m                         Traceback (most recent call last)
Cell [0;32mIn [17], line 4[0m
[1;32m      1[0m [38;5;28;01mimport[39;00m [38;5;21;01mlibrosa[39;00m[38;5;21;01m.[39;00m[38;5;21;01mdisplay[39;00m
[1;32m      2[0m [38;5;28;01mimport[39;00m [38;5;21;01mmatplotlib[39;00m[38;5;21;01m.[39;00m[38;5;21;01mpyplot[39;00m [38;5;28;01mas[39;00m [38;5;21;01mplt[39;00m
[0;32m----> 4[0m y, sr [38;5;241m=[39m [43mlibrosa[49m[38;5;241;43m.[39;49m[43mload[49m[43m([49m
[1;32m      5[0m [43m    [49m[38;5;124;43m"[39;49m[38;5;124;43m/Users/kvarada/MDS/data/genres/classical/classical.00001.au[39;49m[38;5;124;43m"[39;49m[43m,[49m[43m [49m[43mduration[49m[38;5;241;43m=[39;49m[38;5;241;43m10[39;49m
[1;32m      6[0m [43m)[49m
[1;32m      7[0m plt[38;5;241m.[39mfigure()
[1;32m      8[0m plt[38;5;241m.[39msubplot([38;5;241m3[39m, [38;5;241m1[39m, [38;5;241m1[39m)

File [0;32m~/opt/miniconda3/envs/cpsc330/lib/python3.10/site-packages/librosa/util/decorators.py:88[0m, in [0;36mdeprecate_positional_args.<locals>._inner_deprecate_positional_args.<locals>.inner_f[0;34m(*args, **kwargs)[0m
[1;32m     86[0m extra_args [38;5;241m=[39m [38;5;28mlen[39m(args) [38;5;241m-[39m [38;5;28mlen[39m(all_args)
[1;32m     87[0m [38;5;28;01mif[39;00m extra_args [38;5;241m<[39m[38;5;241m=[39m [38;5;241m0[39m:
[0;32m---> 88[0m     [38;5;28;01mreturn[39;00m [43mf[49m[43m([49m[38;5;241;43m*[39;49m[43margs[49m[43m,[49m[43m [49m[38;5;241;43m*[39;49m[38;5;241;43m*[39;49m[43mkwargs[49m[43m)[49m
[1;32m     90[0m [38;5;66;03m# extra_args > 0[39;00m
[1;32m     91[0m args_msg [38;5;241m=[39m [
[1;32m     92[0m     [38;5;124m"[39m[38;5;132;01m{}[39;00m[38;5;124m=[39m[38;5;132;01m{}[39;00m[38;5;124m"[39m[38;5;241m.[39mformat(name, arg)
[1;32m     93[0m     [38;5;28;01mfor[39;00m name, arg [38;5;129;01min[39;00m [38;5;28mzip[39m(kwonly_args[:extra_args], args[[38;5;241m-[39mextra_args:])
[1;32m     94[0m ]

File [0;32m~/opt/miniconda3/envs/cpsc330/lib/python3.10/site-packages/librosa/core/audio.py:170[0m, in [0;36mload[0;34m(path, sr, mono, offset, duration, dtype, res_type)[0m
[1;32m    168[0m [38;5;28;01mif[39;00m [38;5;28misinstance[39m(path, ([38;5;28mstr[39m, pathlib[38;5;241m.[39mPurePath)):
[1;32m    169[0m     warnings[38;5;241m.[39mwarn([38;5;124m"[39m[38;5;124mPySoundFile failed. Trying audioread instead.[39m[38;5;124m"[39m, stacklevel[38;5;241m=[39m[38;5;241m2[39m)
[0;32m--> 170[0m     y, sr_native [38;5;241m=[39m [43m__audioread_load[49m[43m([49m[43mpath[49m[43m,[49m[43m [49m[43moffset[49m[43m,[49m[43m [49m[43mduration[49m[43m,[49m[43m [49m[43mdtype[49m[43m)[49m
[1;32m    171[0m [38;5;28;01melse[39;00m:
[1;32m    172[0m     [38;5;28;01mraise[39;00m exc

File [0;32m~/opt/miniconda3/envs/cpsc330/lib/python3.10/site-packages/librosa/core/audio.py:226[0m, in [0;36m__audioread_load[0;34m(path, offset, duration, dtype)[0m
[1;32m    223[0m     reader [38;5;241m=[39m path
[1;32m    224[0m [38;5;28;01melse[39;00m:
[1;32m    225[0m     [38;5;66;03m# If the input was not an audioread object, try to open it[39;00m
[0;32m--> 226[0m     reader [38;5;241m=[39m [43maudioread[49m[38;5;241;43m.[39;49m[43maudio_open[49m[43m([49m[43mpath[49m[43m)[49m
[1;32m    228[0m [38;5;28;01mwith[39;00m reader [38;5;28;01mas[39;00m input_file:
[1;32m    229[0m     sr_native [38;5;241m=[39m input_file[38;5;241m.[39msamplerate

File [0;32m~/opt/miniconda3/envs/cpsc330/lib/python3.10/site-packages/audioread/__init__.py:127[0m, in [0;36maudio_open[0;34m(path, backends)[0m
[1;32m    125[0m [38;5;28;01mfor[39;00m BackendClass [38;5;129;01min[39;00m backends:
[1;32m    126[0m     [38;5;28;01mtry[39;00m:
[0;32m--> 127[0m         [38;5;28;01mreturn[39;00m [43mBackendClass[49m[43m([49m[43mpath[49m[43m)[49m
[1;32m    128[0m     [38;5;28;01mexcept[39;00m DecodeError:
[1;32m    129[0m         [38;5;28;01mpass[39;00m

File [0;32m~/opt/miniconda3/envs/cpsc330/lib/python3.10/site-packages/audioread/rawread.py:59[0m, in [0;36mRawAudioFile.__init__[0;34m(self, filename)[0m
[1;32m     58[0m [38;5;28;01mdef[39;00m [38;5;21m__init__[39m([38;5;28mself[39m, filename):
[0;32m---> 59[0m     [38;5;28mself[39m[38;5;241m.[39m_fh [38;5;241m=[39m [38;5;28;43mopen[39;49m[43m([49m[43mfilename[49m[43m,[49m[43m [49m[38;5;124;43m'[39;49m[38;5;124;43mrb[39;49m[38;5;124;43m'[39;49m[43m)[49m
[1;32m     61[0m     [38;5;28;01mtry[39;00m:
[1;32m     62[0m         [38;5;28mself[39m[38;5;241m.[39m_file [38;5;241m=[39m aifc[38;5;241m.[39mopen([38;5;28mself[39m[38;5;241m.[39m_fh)

[0;31mFileNotFoundError[0m: [Errno 2] No such file or directory: '/Users/kvarada/MDS/data/genres/classical/classical.00001.au'
FileNotFoundError: [Errno 2] No such file or directory: '/Users/kvarada/MDS/data/genres/classical/classical.00001.au'

